[0.341s] DEBUG:colcon:Command line arguments: ['/usr/bin/colcon', 'list', '-p', '--base-paths', '/home/ebrahim/EVER_Simulator']
[0.341s] DEBUG:colcon:Parsed command line arguments: Namespace(log_base=None, log_level=None, verb_name='list', build_base='build', ignore_user_meta=False, metas=['./colcon.meta'], base_paths=['/home/ebrahim/EVER_Simulator'], packages_ignore=None, packages_ignore_regex=None, paths=None, packages_up_to=None, packages_up_to_regex=None, packages_above=None, packages_above_and_dependencies=None, packages_above_depth=None, packages_select_by_dep=None, packages_skip_by_dep=None, packages_skip_up_to=None, packages_select_build_failed=False, packages_skip_build_finished=False, packages_select_test_failures=False, packages_skip_test_passed=False, packages_select=None, packages_skip=None, packages_select_regex=None, packages_skip_regex=None, packages_start=None, packages_end=None, allow_overriding=[], topological_order=False, names_only=False, paths_only=True, topological_graph=False, topological_graph_dot=False, topological_graph_density=False, topological_graph_legend=False, topological_graph_dot_cluster=False, topological_graph_dot_include_skipped=False, mixin_files=None, mixin=None, verb_parser=<colcon_mixin.mixin.mixin_argument.MixinArgumentDecorator object at 0x7f234189a4d0>, verb_extension=<colcon_package_information.verb.list.ListVerb object at 0x7f234189a0b0>, main=<bound method ListVerb.main of <colcon_package_information.verb.list.ListVerb object at 0x7f234189a0b0>>, mixin_verb=('list',))
[0.709s] Level 1:colcon.colcon_core.package_discovery:discover_packages(colcon_meta) check parameters
[0.709s] Level 1:colcon.colcon_core.package_discovery:discover_packages(recursive) check parameters
[0.709s] Level 1:colcon.colcon_core.package_discovery:discover_packages(ignore) check parameters
[0.709s] Level 1:colcon.colcon_core.package_discovery:discover_packages(path) check parameters
[0.709s] Level 1:colcon.colcon_core.package_discovery:discover_packages(recursive) discover
[0.709s] INFO:colcon.colcon_core.package_discovery:Crawling recursively for packages in '/home/ebrahim/EVER_Simulator'
[0.709s] Level 1:colcon.colcon_core.package_identification:_identify(/home/ebrahim/EVER_Simulator) by extensions ['ignore', 'ignore_ament_install']
[0.709s] Level 1:colcon.colcon_core.package_identification:_identify(/home/ebrahim/EVER_Simulator) by extension 'ignore'
[0.709s] Level 1:colcon.colcon_core.package_identification:_identify(/home/ebrahim/EVER_Simulator) by extension 'ignore_ament_install'
[0.710s] Level 1:colcon.colcon_core.package_identification:_identify(/home/ebrahim/EVER_Simulator) by extensions ['colcon_pkg']
[0.710s] Level 1:colcon.colcon_core.package_identification:_identify(/home/ebrahim/EVER_Simulator) by extension 'colcon_pkg'
[0.710s] Level 1:colcon.colcon_core.package_identification:_identify(/home/ebrahim/EVER_Simulator) by extensions ['colcon_meta']
[0.710s] Level 1:colcon.colcon_core.package_identification:_identify(/home/ebrahim/EVER_Simulator) by extension 'colcon_meta'
[0.710s] Level 1:colcon.colcon_core.package_identification:_identify(/home/ebrahim/EVER_Simulator) by extensions ['ros']
[0.711s] Level 1:colcon.colcon_core.package_identification:_identify(/home/ebrahim/EVER_Simulator) by extension 'ros'
[0.734s] Level 1:colcon.colcon_core.package_identification:_identify(/home/ebrahim/EVER_Simulator) by extensions ['cmake', 'python']
[0.734s] Level 1:colcon.colcon_core.package_identification:_identify(/home/ebrahim/EVER_Simulator) by extension 'cmake'
[0.735s] Level 1:colcon.colcon_core.package_identification:_identify(/home/ebrahim/EVER_Simulator) by extension 'python'
[0.735s] Level 1:colcon.colcon_core.package_identification:_identify(/home/ebrahim/EVER_Simulator) by extensions ['python_setup_py']
[0.735s] Level 1:colcon.colcon_core.package_identification:_identify(/home/ebrahim/EVER_Simulator) by extension 'python_setup_py'
[0.735s] Level 1:colcon.colcon_core.package_identification:_identify(/home/ebrahim/EVER_Simulator/log) by extensions ['ignore', 'ignore_ament_install']
[0.735s] Level 1:colcon.colcon_core.package_identification:_identify(/home/ebrahim/EVER_Simulator/log) by extension 'ignore'
[0.735s] Level 1:colcon.colcon_core.package_identification:_identify(/home/ebrahim/EVER_Simulator/log) ignored
[0.735s] Level 1:colcon.colcon_core.package_identification:_identify(/home/ebrahim/EVER_Simulator/src) by extensions ['ignore', 'ignore_ament_install']
[0.736s] Level 1:colcon.colcon_core.package_identification:_identify(/home/ebrahim/EVER_Simulator/src) by extension 'ignore'
[0.736s] Level 1:colcon.colcon_core.package_identification:_identify(/home/ebrahim/EVER_Simulator/src) by extension 'ignore_ament_install'
[0.736s] Level 1:colcon.colcon_core.package_identification:_identify(/home/ebrahim/EVER_Simulator/src) by extensions ['colcon_pkg']
[0.736s] Level 1:colcon.colcon_core.package_identification:_identify(/home/ebrahim/EVER_Simulator/src) by extension 'colcon_pkg'
[0.736s] Level 1:colcon.colcon_core.package_identification:_identify(/home/ebrahim/EVER_Simulator/src) by extensions ['colcon_meta']
[0.736s] Level 1:colcon.colcon_core.package_identification:_identify(/home/ebrahim/EVER_Simulator/src) by extension 'colcon_meta'
[0.736s] Level 1:colcon.colcon_core.package_identification:_identify(/home/ebrahim/EVER_Simulator/src) by extensions ['ros']
[0.736s] Level 1:colcon.colcon_core.package_identification:_identify(/home/ebrahim/EVER_Simulator/src) by extension 'ros'
[0.736s] Level 1:colcon.colcon_core.package_identification:_identify(/home/ebrahim/EVER_Simulator/src) by extensions ['cmake', 'python']
[0.736s] Level 1:colcon.colcon_core.package_identification:_identify(/home/ebrahim/EVER_Simulator/src) by extension 'cmake'
[0.736s] Level 1:colcon.colcon_core.package_identification:_identify(/home/ebrahim/EVER_Simulator/src) by extension 'python'
[0.736s] Level 1:colcon.colcon_core.package_identification:_identify(/home/ebrahim/EVER_Simulator/src) by extensions ['python_setup_py']
[0.736s] Level 1:colcon.colcon_core.package_identification:_identify(/home/ebrahim/EVER_Simulator/src) by extension 'python_setup_py'
[0.737s] Level 1:colcon.colcon_core.package_identification:_identify(/home/ebrahim/EVER_Simulator/src/ros2_simulator) by extensions ['ignore', 'ignore_ament_install']
[0.737s] Level 1:colcon.colcon_core.package_identification:_identify(/home/ebrahim/EVER_Simulator/src/ros2_simulator) by extension 'ignore'
[0.737s] Level 1:colcon.colcon_core.package_identification:_identify(/home/ebrahim/EVER_Simulator/src/ros2_simulator) by extension 'ignore_ament_install'
[0.737s] Level 1:colcon.colcon_core.package_identification:_identify(/home/ebrahim/EVER_Simulator/src/ros2_simulator) by extensions ['colcon_pkg']
[0.737s] Level 1:colcon.colcon_core.package_identification:_identify(/home/ebrahim/EVER_Simulator/src/ros2_simulator) by extension 'colcon_pkg'
[0.737s] Level 1:colcon.colcon_core.package_identification:_identify(/home/ebrahim/EVER_Simulator/src/ros2_simulator) by extensions ['colcon_meta']
[0.737s] Level 1:colcon.colcon_core.package_identification:_identify(/home/ebrahim/EVER_Simulator/src/ros2_simulator) by extension 'colcon_meta'
[0.737s] Level 1:colcon.colcon_core.package_identification:_identify(/home/ebrahim/EVER_Simulator/src/ros2_simulator) by extensions ['ros']
[0.737s] Level 1:colcon.colcon_core.package_identification:_identify(/home/ebrahim/EVER_Simulator/src/ros2_simulator) by extension 'ros'
[0.742s] DEBUG:colcon.colcon_core.package_identification:Package '/home/ebrahim/EVER_Simulator/src/ros2_simulator' with type 'ros.ament_cmake' and name 'ros2_simulator'
[0.742s] Level 1:colcon.colcon_core.package_discovery:discover_packages(recursive) using defaults
